2025-04-09 20:28:04.214 UTC [1] LOG:  starting PostgreSQL 15.6 (Debian 15.6-1.pgdg120+2) on aarch64-unknown-linux-gnu, compiled by gcc (Debian 12.2.0-14) 12.2.0, 64-bit
2025-04-09 20:28:04.214 UTC [1] LOG:  listening on IPv4 address "0.0.0.0", port 5432
2025-04-09 20:28:04.214 UTC [1] LOG:  listening on IPv6 address "::", port 5432
2025-04-09 20:28:04.217 UTC [1] LOG:  listening on Unix socket "/var/run/postgresql/.s.PGSQL.5432"
2025-04-09 20:28:04.231 UTC [30] LOG:  database system was shut down at 2025-04-09 19:35:58 UTC
2025-04-09 20:28:04.251 UTC [1] LOG:  database system is ready to accept connections
2025-04-09 20:35:11.750 UTC [28] LOG:  checkpoint starting: time
2025-04-09 20:35:16.029 UTC [28] LOG:  checkpoint complete: wrote 44 buffers (0.3%); 0 WAL file(s) added, 0 removed, 0 recycled; write=4.272 s, sync=0.005 s, total=4.280 s; sync files=37, longest=0.001 s, average=0.001 s; distance=84 kB, estimate=84 kB
2025-04-09 20:40:11.110 UTC [28] LOG:  checkpoint starting: time
2025-04-09 20:40:11.325 UTC [28] LOG:  checkpoint complete: wrote 3 buffers (0.0%); 0 WAL file(s) added, 0 removed, 0 recycled; write=0.206 s, sync=0.003 s, total=0.215 s; sync files=3, longest=0.002 s, average=0.001 s; distance=29 kB, estimate=78 kB
2025-04-09 20:45:11.368 UTC [28] LOG:  checkpoint starting: time
2025-04-09 20:45:11.592 UTC [28] LOG:  checkpoint complete: wrote 3 buffers (0.0%); 0 WAL file(s) added, 0 removed, 0 recycled; write=0.210 s, sync=0.003 s, total=0.224 s; sync files=3, longest=0.002 s, average=0.001 s; distance=24 kB, estimate=73 kB
2025-04-09 20:50:11.645 UTC [28] LOG:  checkpoint starting: time
2025-04-09 20:50:11.859 UTC [28] LOG:  checkpoint complete: wrote 3 buffers (0.0%); 0 WAL file(s) added, 0 removed, 0 recycled; write=0.206 s, sync=0.001 s, total=0.214 s; sync files=3, longest=0.001 s, average=0.001 s; distance=24 kB, estimate=68 kB
2025-04-09 20:55:11.900 UTC [28] LOG:  checkpoint starting: time
2025-04-09 20:55:12.116 UTC [28] LOG:  checkpoint complete: wrote 3 buffers (0.0%); 0 WAL file(s) added, 0 removed, 0 recycled; write=0.206 s, sync=0.002 s, total=0.216 s; sync files=3, longest=0.001 s, average=0.001 s; distance=22 kB, estimate=63 kB
2025-04-09 21:00:11.119 UTC [28] LOG:  checkpoint starting: time
2025-04-09 21:00:12.257 UTC [28] LOG:  checkpoint complete: wrote 22 buffers (0.1%); 0 WAL file(s) added, 0 removed, 0 recycled; write=1.123 s, sync=0.001 s, total=1.139 s; sync files=12, longest=0.001 s, average=0.001 s; distance=3200 kB, estimate=3200 kB
2025-04-09 21:05:11.278 UTC [28] LOG:  checkpoint starting: time
2025-04-09 21:05:11.644 UTC [28] LOG:  checkpoint complete: wrote 43 buffers (0.3%); 0 WAL file(s) added, 0 removed, 2 recycled; write=0.322 s, sync=0.003 s, total=0.366 s; sync files=4, longest=0.002 s, average=0.001 s; distance=33151 kB, estimate=33151 kB
2025-04-09 21:10:11.719 UTC [28] LOG:  checkpoint starting: time
2025-04-09 21:10:11.973 UTC [28] LOG:  checkpoint complete: wrote 3 buffers (0.0%); 0 WAL file(s) added, 0 removed, 0 recycled; write=0.209 s, sync=0.003 s, total=0.254 s; sync files=3, longest=0.002 s, average=0.001 s; distance=27 kB, estimate=29839 kB
2025-04-09 21:15:12.055 UTC [28] LOG:  checkpoint starting: time
2025-04-09 21:15:12.332 UTC [28] LOG:  checkpoint complete: wrote 3 buffers (0.0%); 0 WAL file(s) added, 0 removed, 0 recycled; write=0.232 s, sync=0.003 s, total=0.278 s; sync files=3, longest=0.001 s, average=0.001 s; distance=26 kB, estimate=26858 kB
2025-04-09 21:20:12.357 UTC [28] LOG:  checkpoint starting: time
2025-04-09 21:20:12.570 UTC [28] LOG:  checkpoint complete: wrote 3 buffers (0.0%); 0 WAL file(s) added, 0 removed, 0 recycled; write=0.205 s, sync=0.001 s, total=0.213 s; sync files=3, longest=0.001 s, average=0.001 s; distance=26 kB, estimate=24174 kB
2025-04-09 21:25:12.657 UTC [28] LOG:  checkpoint starting: time
2025-04-09 21:25:12.908 UTC [28] LOG:  checkpoint complete: wrote 3 buffers (0.0%); 0 WAL file(s) added, 0 removed, 0 recycled; write=0.207 s, sync=0.002 s, total=0.251 s; sync files=3, longest=0.001 s, average=0.001 s; distance=25 kB, estimate=21759 kB
2025-04-09 21:30:13.014 UTC [28] LOG:  checkpoint starting: time
2025-04-09 21:30:14.194 UTC [28] LOG:  checkpoint complete: wrote 12 buffers (0.1%); 0 WAL file(s) added, 0 removed, 0 recycled; write=1.168 s, sync=0.003 s, total=1.180 s; sync files=12, longest=0.001 s, average=0.001 s; distance=34 kB, estimate=19587 kB
2025-04-09 21:31:12.367 UTC [1] LOG:  received fast shutdown request
2025-04-09 21:31:12.367 UTC [1] LOG:  aborting any active transactions
2025-04-09 21:31:12.369 UTC [1] LOG:  background worker "logical replication launcher" (PID 33) exited with exit code 1
2025-04-09 21:31:12.369 UTC [28] LOG:  shutting down
2025-04-09 21:31:12.370 UTC [28] LOG:  checkpoint starting: shutdown immediate
2025-04-09 21:31:12.375 UTC [28] LOG:  checkpoint complete: wrote 4 buffers (0.0%); 0 WAL file(s) added, 0 removed, 0 recycled; write=0.002 s, sync=0.001 s, total=0.006 s; sync files=4, longest=0.001 s, average=0.001 s; distance=25 kB, estimate=17631 kB
2025-04-09 21:31:12.380 UTC [1] LOG:  database system is shut down
