2025-04-09 15:50:51,275 WARN  [org.springframework.context.support.PostProcessorRegistrationDelegate$BeanPostProcessorChecker] [main] Bean 'resourceBundles' of type [org.alfresco.i18n.ResourceBundleBootstrapComponent] is not eligible for getting processed by all BeanPostProcessors (for example: not eligible for auto-proxying). Is this bean getting eagerly injected/applied to a currently created BeanPostProcessor [annotatedBehaviourBeanPostProcessor]? Check the corresponding BeanPostProcessor declaration and its dependencies/advisors. If this bean does not have to be post-processed, declare it with ROLE_INFRASTRUCTURE.
2025-04-09 15:50:51,446 WARN  [org.springframework.context.support.PostProcessorRegistrationDelegate$BeanPostProcessorChecker] [main] Bean 'dictionaryBootstrap' of type [org.alfresco.repo.dictionary.DictionaryBootstrap] is not eligible for getting processed by all BeanPostProcessors (for example: not eligible for auto-proxying). Is this bean getting eagerly injected/applied to a currently created BeanPostProcessor [annotatedBehaviourBeanPostProcessor]? Check the corresponding BeanPostProcessor declaration and its dependencies/advisors. If this bean does not have to be post-processed, declare it with ROLE_INFRASTRUCTURE.
2025-04-09 15:50:51,451 WARN  [org.springframework.context.support.PostProcessorRegistrationDelegate$BeanPostProcessorChecker] [main] Bean 'org.alfresco.config.NonBlockingLazyInitTargetSource#49f380ea' of type [org.alfresco.config.NonBlockingLazyInitTargetSource] is not eligible for getting processed by all BeanPostProcessors (for example: not eligible for auto-proxying). Is this bean getting eagerly injected/applied to a currently created BeanPostProcessor [annotatedBehaviourBeanPostProcessor]? Check the corresponding BeanPostProcessor declaration and its dependencies/advisors. If this bean does not have to be post-processed, declare it with ROLE_INFRASTRUCTURE.
2025-04-09 15:50:51,452 WARN  [org.springframework.context.support.PostProcessorRegistrationDelegate$BeanPostProcessorChecker] [main] Bean 'org.springframework.aop.framework.ProxyFactoryBean#347004f6' of type [org.springframework.aop.framework.ProxyFactoryBean] is not eligible for getting processed by all BeanPostProcessors (for example: not eligible for auto-proxying). Is this bean getting eagerly injected/applied to a currently created BeanPostProcessor [annotatedBehaviourBeanPostProcessor]? Check the corresponding BeanPostProcessor declaration and its dependencies/advisors. If this bean does not have to be post-processed, declare it with ROLE_INFRASTRUCTURE.
2025-04-09 15:50:51,456 WARN  [org.springframework.context.support.PostProcessorRegistrationDelegate$BeanPostProcessorChecker] [main] Bean 'org.springframework.aop.framework.ProxyFactoryBean#347004f6' of type [jdk.proxy2.$Proxy27] is not eligible for getting processed by all BeanPostProcessors (for example: not eligible for auto-proxying). Is this bean getting eagerly injected/applied to a currently created BeanPostProcessor [annotatedBehaviourBeanPostProcessor]? Check the corresponding BeanPostProcessor declaration and its dependencies/advisors. If this bean does not have to be post-processed, declare it with ROLE_INFRASTRUCTURE.
2025-04-09 15:50:51,457 WARN  [org.springframework.context.support.PostProcessorRegistrationDelegate$BeanPostProcessorChecker] [main] Bean 'dictionaryService' of type [org.alfresco.repo.dictionary.DictionaryComponent] is not eligible for getting processed by all BeanPostProcessors (for example: not eligible for auto-proxying). Is this bean getting eagerly injected/applied to a currently created BeanPostProcessor [annotatedBehaviourBeanPostProcessor]? Check the corresponding BeanPostProcessor declaration and its dependencies/advisors. If this bean does not have to be post-processed, declare it with ROLE_INFRASTRUCTURE.
2025-04-09 15:50:51,467 WARN  [org.springframework.context.support.PostProcessorRegistrationDelegate$BeanPostProcessorChecker] [main] Bean 'policyBehaviourFilter' of type [org.alfresco.repo.policy.BehaviourFilterImpl] is not eligible for getting processed by all BeanPostProcessors (for example: not eligible for auto-proxying). Is this bean getting eagerly injected/applied to a currently created BeanPostProcessor [annotatedBehaviourBeanPostProcessor]? Check the corresponding BeanPostProcessor declaration and its dependencies/advisors. If this bean does not have to be post-processed, declare it with ROLE_INFRASTRUCTURE.
2025-04-09 15:50:51,475 WARN  [org.springframework.context.support.PostProcessorRegistrationDelegate$BeanPostProcessorChecker] [main] Bean 'policyBehaviourQueue' of type [org.alfresco.repo.policy.TransactionBehaviourQueue] is not eligible for getting processed by all BeanPostProcessors (for example: not eligible for auto-proxying). Is this bean getting eagerly injected/applied to a currently created BeanPostProcessor [annotatedBehaviourBeanPostProcessor]? Check the corresponding BeanPostProcessor declaration and its dependencies/advisors. If this bean does not have to be post-processed, declare it with ROLE_INFRASTRUCTURE.
2025-04-09 15:50:51,475 WARN  [org.springframework.context.support.PostProcessorRegistrationDelegate$BeanPostProcessorChecker] [main] Bean 'policyTransactionHandlerFactory' of type [org.alfresco.repo.policy.TransactionInvocationHandlerFactory] is not eligible for getting processed by all BeanPostProcessors (for example: not eligible for auto-proxying). Is this bean getting eagerly injected/applied to a currently created BeanPostProcessor [annotatedBehaviourBeanPostProcessor]? Check the corresponding BeanPostProcessor declaration and its dependencies/advisors. If this bean does not have to be post-processed, declare it with ROLE_INFRASTRUCTURE.
2025-04-09 15:50:51,476 WARN  [org.springframework.context.support.PostProcessorRegistrationDelegate$BeanPostProcessorChecker] [main] Bean 'policyComponent' of type [org.alfresco.repo.policy.PolicyComponentImpl] is not eligible for getting processed by all BeanPostProcessors (for example: not eligible for auto-proxying). Is this bean getting eagerly injected/applied to a currently created BeanPostProcessor [annotatedBehaviourBeanPostProcessor]? Check the corresponding BeanPostProcessor declaration and its dependencies/advisors. If this bean does not have to be post-processed, declare it with ROLE_INFRASTRUCTURE.
2025-04-09 15:50:52,248 WARN  [org.alfresco.heartbeat.datasender.HBDataSenderServiceBuilder] [main] Setting the Heartbeat sender cron with property 'heartbeat.sender.cronExpression' is no longer supported.
2025-04-09 15:50:52,940 INFO  [org.alfresco.repo.domain.schema.SchemaBootstrap] [main] Ignoring script patch (post-Hibernate): patch.db-V4.2-metadata-query-indexes
2025-04-09 15:50:52,940 INFO  [org.alfresco.repo.domain.schema.SchemaBootstrap] [main] Ignoring script patch (post-Hibernate): patch.db-V5.1-metadata-query-indexes
2025-04-09 15:50:52,941 INFO  [org.alfresco.repo.domain.schema.SchemaBootstrap] [main] Ignoring script patch (post-Hibernate): patch.db-V5.2-remove-jbpm-tables-from-db
2025-04-09 15:50:52,941 INFO  [org.alfresco.repo.domain.schema.SchemaBootstrap] [main] Ignoring script patch (post-Hibernate): patch.db-V6.3-add-indexes-node-transaction
2025-04-09 15:50:52,941 INFO  [org.alfresco.repo.domain.schema.SchemaBootstrap] [main] Ignoring script patch (post-Hibernate): patch.db-V7.1.0-remove-alf_server-table
2025-04-09 15:50:53,005 INFO  [org.alfresco.repo.admin] [main] Using database URL 'jdbc:postgresql://postgres:5432/alfresco' with user 'alfresco'.
2025-04-09 15:50:53,006 INFO  [org.alfresco.repo.admin] [main] Connected to database PostgreSQL version 15.6 (Debian 15.6-1.pgdg120+2)
2025-04-09 15:50:53,706 INFO  [org.alfresco.repo.management.subsystems.ChildApplicationContextFactory] [main] Starting 'Authentication' subsystem, ID: [Authentication, managed, alfrescoNtlm1]
2025-04-09 15:50:53,722 INFO  [org.alfresco.repo.management.subsystems.ChildApplicationContextFactory] [main] Startup of 'Authentication' subsystem, ID: [Authentication, managed, alfrescoNtlm1] complete
2025-04-09 15:50:53,877 INFO  [org.orderofthebee.addons.support.tools.repo.config.PropertyBackedBeanPersister] [main] OOTBee Support Tools - PropertyBackedBeanPersister enabled
2025-04-09 15:50:53,986 INFO  [org.springframework.extensions.webscripts.TemplateProcessorRegistry] [main] Registered template processor Repository Template Processor for extension ftl
2025-04-09 15:50:53,987 INFO  [org.springframework.extensions.webscripts.ScriptProcessorRegistry] [main] Registered script processor Repository Script Processor for extension js
2025-04-09 15:50:54,222 INFO  [org.alfresco.repo.management.subsystems.ChildApplicationContextFactory] [main] Starting 'ContentStore' subsystem, ID: [ContentStore, managed, unencrypted]
2025-04-09 15:50:54,229 INFO  [org.alfresco.repo.management.subsystems.ChildApplicationContextFactory] [main] Startup of 'ContentStore' subsystem, ID: [ContentStore, managed, unencrypted] complete
2025-04-09 15:50:54,247 INFO  [org.alfresco.repo.domain.schema.SchemaBootstrap] [main] Connecting to database: 1798228411, URL=jdbc:postgresql://postgres:5432/alfresco, PostgreSQL JDBC Driver
2025-04-09 15:50:54,248 INFO  [org.alfresco.repo.domain.schema.SchemaBootstrap] [main] Schema managed by database dialect org.alfresco.repo.domain.dialect.PostgreSQLDialect.
2025-04-09 15:50:54,298 WARN  [org.alfresco.repo.domain.schema.SchemaBootstrap] [main] Schema validation found 83 potential problems, results written to: /usr/local/tomcat/temp/Alfresco/Alfresco-PostgreSQLDialect-Validation-Pre-Upgrade-alf_-5540931244683164971.txt
2025-04-09 15:50:54,303 WARN  [org.alfresco.repo.domain.schema.SchemaBootstrap] [main] Schema validation found 26 potential problems, results written to: /usr/local/tomcat/temp/Alfresco/Alfresco-PostgreSQLDialect-Validation-Pre-Upgrade-act_-11727773895484284530.txt
2025-04-09 15:50:54,327 INFO  [org.alfresco.repo.domain.schema.SchemaBootstrap] [main] Normalized schema dumped to file /usr/local/tomcat/temp/Alfresco/Alfresco-schema-PostgreSQLDialect-pre-upgrade-alf_-14315243081442581096.xml.
2025-04-09 15:50:54,327 INFO  [org.alfresco.repo.domain.schema.SchemaBootstrap] [main] Normalized schema dumped to file /usr/local/tomcat/temp/Alfresco/Alfresco-schema-PostgreSQLDialect-pre-upgrade-act_-3353176799187011000.xml.
2025-04-09 15:50:54,334 INFO  [org.alfresco.repo.domain.schema.SchemaBootstrap] [main] Bootstrap started.
2025-04-09 15:50:54,335 INFO  [org.alfresco.repo.domain.schema.SchemaBootstrap] [main] Executing database script /usr/local/tomcat/temp/Alfresco/AlfrescoSchema-PostgreSQLDialect-Update-4520337204570852069.sql (Copied from classpath:alfresco/dbscripts/create/org.alfresco.repo.domain.dialect.PostgreSQLDialect/AlfrescoCreate-RepoTables.sql).
2025-04-09 15:50:54,460 INFO  [org.alfresco.repo.domain.schema.SchemaBootstrap] [main] Executing database script /usr/local/tomcat/temp/Alfresco/AlfrescoSchema-PostgreSQLDialect-Update-14826843364499042142.sql (Copied from classpath:alfresco/dbscripts/create/org.alfresco.repo.domain.dialect.PostgreSQLDialect/AlfrescoCreate-LockTables.sql).
2025-04-09 15:50:54,469 INFO  [org.alfresco.repo.domain.schema.SchemaBootstrap] [main] Executing database script /usr/local/tomcat/temp/Alfresco/AlfrescoSchema-PostgreSQLDialect-Update-11569190842111698912.sql (Copied from classpath:alfresco/dbscripts/create/org.alfresco.repo.domain.dialect.PostgreSQLDialect/AlfrescoCreate-ContentTables.sql).
2025-04-09 15:50:54,504 INFO  [org.alfresco.repo.domain.schema.SchemaBootstrap] [main] Executing database script /usr/local/tomcat/temp/Alfresco/AlfrescoSchema-PostgreSQLDialect-Update-6882322540211645164.sql (Copied from classpath:alfresco/dbscripts/create/org.alfresco.repo.domain.dialect.PostgreSQLDialect/AlfrescoCreate-PropertyValueTables.sql).
2025-04-09 15:50:54,541 INFO  [org.alfresco.repo.domain.schema.SchemaBootstrap] [main] Executing database script /usr/local/tomcat/temp/Alfresco/AlfrescoSchema-PostgreSQLDialect-Update-8278200701670464667.sql (Copied from classpath:alfresco/dbscripts/create/org.alfresco.repo.domain.dialect.PostgreSQLDialect/AlfrescoCreate-ContentUrlEncryptionTables.sql).
2025-04-09 15:50:54,552 INFO  [org.alfresco.repo.domain.schema.SchemaBootstrap] [main] Executing database script /usr/local/tomcat/temp/Alfresco/AlfrescoSchema-PostgreSQLDialect-Update-12661585744238441453.sql (Copied from classpath:alfresco/dbscripts/create/org.alfresco.repo.domain.dialect.PostgreSQLDialect/AlfrescoCreate-AuditTables.sql).
2025-04-09 15:50:54,569 INFO  [org.alfresco.repo.domain.schema.SchemaBootstrap] [main] Executing database script /usr/local/tomcat/temp/Alfresco/AlfrescoSchema-PostgreSQLDialect-Update-14919893817055341363.sql (Copied from classpath:alfresco/dbscripts/create/org.alfresco.repo.domain.dialect.PostgreSQLDialect/AlfrescoCreate-ActivityTables.sql).
2025-04-09 15:50:54,588 INFO  [org.alfresco.repo.domain.schema.SchemaBootstrap] [main] Executing database script /usr/local/tomcat/temp/Alfresco/AlfrescoSchema-PostgreSQLDialect-Update-9546646593900800382.sql (Copied from classpath:alfresco/dbscripts/create/org.alfresco.repo.domain.dialect.PostgreSQLDialect/AlfrescoCreate-UsageTables.sql).
2025-04-09 15:50:54,593 INFO  [org.alfresco.repo.domain.schema.SchemaBootstrap] [main] Executing database script /usr/local/tomcat/temp/Alfresco/AlfrescoSchema-PostgreSQLDialect-Update-2232889576016301099.sql (Copied from classpath:alfresco/dbscripts/create/org.alfresco.repo.domain.dialect.PostgreSQLDialect/AlfrescoCreate-SubscriptionTables.sql).
2025-04-09 15:50:54,596 INFO  [org.alfresco.repo.domain.schema.SchemaBootstrap] [main] Executing database script /usr/local/tomcat/temp/Alfresco/AlfrescoSchema-PostgreSQLDialect-Update-1101612053160568002.sql (Copied from classpath:alfresco/dbscripts/create/org.alfresco.repo.domain.dialect.PostgreSQLDialect/AlfrescoCreate-TenantTables.sql).
2025-04-09 15:50:54,600 INFO  [org.alfresco.repo.domain.schema.SchemaBootstrap] [main] Executing database script /usr/local/tomcat/temp/Alfresco/AlfrescoSchema-PostgreSQLDialect-Update-8931720869379976631.sql (Copied from classpath:alfresco/dbscripts/create/org.alfresco.repo.domain.dialect.PostgreSQLDialect/AlfrescoCreate-AuthorizationTables.sql).
2025-04-09 15:50:54,607 INFO  [org.alfresco.repo.domain.schema.SchemaBootstrap] [main] Creating Alfresco tables took 334 ms
2025-04-09 15:50:54,608 INFO  [org.alfresco.repo.domain.schema.SchemaBootstrap] [main] Activiti tables need to be  created
2025-04-09 15:50:54,717 INFO  [org.alfresco.repo.domain.schema.SchemaBootstrap] [main] Creating Activiti DB schema tables
2025-04-09 15:50:54,884 INFO  [org.alfresco.repo.domain.schema.SchemaBootstrap] [main] Creating Activiti tables took 276 ms
2025-04-09 15:50:54,884 INFO  [org.alfresco.repo.domain.schema.SchemaBootstrap] [main] Creating the DB schema took 636 ms
2025-04-09 15:50:54,885 INFO  [org.alfresco.repo.domain.schema.SchemaBootstrap] [main] All executed statements:  /usr/local/tomcat/temp/Alfresco/AlfrescoSchema-PostgreSQLDialect-All_Statements-6249408724407585528.sql.
2025-04-09 15:50:54,887 INFO  [org.alfresco.repo.domain.schema.SchemaBootstrap] [main] Bootstrap completed.
2025-04-09 15:50:55,293 INFO  [org.alfresco.repo.domain.schema.SchemaBootstrap] [main] Compared database schema with reference schema (all OK): class path resource [alfresco/dbscripts/create/org.alfresco.repo.domain.dialect.PostgreSQLDialect/Schema-Reference-ALF.xml]
2025-04-09 15:50:55,476 INFO  [org.alfresco.repo.domain.schema.SchemaBootstrap] [main] Compared database schema with reference schema (all OK): class path resource [alfresco/dbscripts/create/org.alfresco.repo.domain.dialect.PostgreSQLDialect/Schema-Reference-ACT.xml]
2025-04-09 15:50:55,951 INFO  [org.alfresco.repo.domain.schema.SchemaBootstrap] [main] Normalized schema dumped to file /usr/local/tomcat/temp/Alfresco/Alfresco-schema-PostgreSQLDialect-post-upgrade-alf_-14897607019289904693.xml.
2025-04-09 15:50:55,952 INFO  [org.alfresco.repo.domain.schema.SchemaBootstrap] [main] Normalized schema dumped to file /usr/local/tomcat/temp/Alfresco/Alfresco-schema-PostgreSQLDialect-post-upgrade-act_-17079018739454730895.xml.
2025-04-09 15:50:57,889 INFO  [org.alfresco.repo.management.subsystems.ChildApplicationContextFactory] [main] Starting 'Search' subsystem, ID: [Search, managed, solr6]
2025-04-09 15:50:57,944 INFO  [org.alfresco.repo.management.subsystems.ChildApplicationContextFactory] [main] Startup of 'Search' subsystem, ID: [Search, managed, solr6] complete
2025-04-09 15:50:59,149 WARN  [org.alfresco.repo.admin.ConfigurationChecker] [main] The 'dir.root' property is set to a relative path './alf_data'.  'dir.root' should be overridden to point to a specific folder.
2025-04-09 15:50:59,149 INFO  [org.alfresco.repo.admin.ConfigurationChecker] [main] The root data directory ('dir.root') is: ./alf_data
2025-04-09 15:50:59,155 INFO  [org.alfresco.repo.admin.patch.PatchExecuter] [main] Checking for patches to apply ...
2025-04-09 15:50:59,303 INFO  [org.alfresco.repo.admin.patch.PatchExecuter] [main] 	Applying patch 'share-site-creators-repo.groupsLoader' (Bootstraps the SITE_CREATORS group).
2025-04-09 15:50:59,321 INFO  [org.alfresco.repo.admin.patch.PatchExecuter] [main] 	Applying patch 'share-site-space-templates-repo.folderBootstrap' (Bootstraps the Site Folder Templates folder).
2025-04-09 15:50:59,328 INFO  [org.alfresco.repo.admin.patch.PatchExecuter] [main] 	Applying patch 'patch.exampleJavaScript' (Loads sample Javascript file into datadictionary scripts folder).
2025-04-09 15:50:59,338 INFO  [org.alfresco.repo.admin.patch.PatchExecuter] [main] 	Applying patch 'patch.siteLoadPatch.swsdp' (Loads a sample site into the repository.).
2025-04-09 15:50:59,365 INFO  [org.alfresco.repo.management.subsystems.ChildApplicationContextFactory] [main] Starting 'sysAdmin' subsystem, ID: [sysAdmin, default]
2025-04-09 15:50:59,382 INFO  [org.alfresco.repo.management.subsystems.ChildApplicationContextFactory] [main] Startup of 'sysAdmin' subsystem, ID: [sysAdmin, default] complete
2025-04-09 15:51:01,078 INFO  [org.alfresco.repo.admin.patch.PatchExecuter] [main] === Applied patch                 === ID: patch.db-V3.4-UsageTablesRESULT: Script completed=====================================
2025-04-09 15:51:01,079 INFO  [org.alfresco.repo.admin.patch.PatchExecuter] [main] === Applied patch                 === ID: patch.db-V4.0-TenantTablesRESULT: Script completed=====================================
2025-04-09 15:51:01,079 INFO  [org.alfresco.repo.admin.patch.PatchExecuter] [main] === Applied patch                 === ID: patch.db-V4.1-AuthorizationTablesRESULT: Script completed=====================================
2025-04-09 15:51:01,079 INFO  [org.alfresco.repo.admin.patch.PatchExecuter] [main] === Applied patch                 === ID: patch.db-V5.0-ContentUrlEncryptionTablesRESULT: Script completed=====================================
2025-04-09 15:51:01,079 INFO  [org.alfresco.repo.admin.patch.PatchExecuter] [main] === Applied patch                 === ID: share-site-creators-repo.groupsLoaderRESULT: Imported view into bootstrap location: /sys:system (workspace://SpacesStore/4d02c0a6-ff94-499e-82c0-a6ff94899eec)=====================================
2025-04-09 15:51:01,080 INFO  [org.alfresco.repo.admin.patch.PatchExecuter] [main] === Applied patch                 === ID: share-site-space-templates-repo.folderBootstrapRESULT: Imported view into bootstrap location: /app:company_home/app:dictionary (workspace://SpacesStore/4d02c0a6-ff94-499e-82c0-a6ff94899eec)=====================================
2025-04-09 15:51:01,080 INFO  [org.alfresco.repo.admin.patch.PatchExecuter] [main] === Applied patch                 === ID: patch.exampleJavaScriptRESULT: Imported view into bootstrap location: /app:company_home/app:dictionary/app:scripts (workspace://SpacesStore/4d02c0a6-ff94-499e-82c0-a6ff94899eec)=====================================
2025-04-09 15:51:01,080 INFO  [org.alfresco.repo.admin.patch.PatchExecuter] [main] === Applied patch                 === ID: patch.siteLoadPatch.swsdpRESULT: Site swsdp imported.=====================================
2025-04-09 15:51:01,082 INFO  [org.alfresco.repo.module.ModuleServiceImpl] [main] Found 9 module package(s).
2025-04-09 15:51:01,091 INFO  [org.alfresco.repo.module.ModuleServiceImpl] [main] Installing module 'alfresco-aos-module' version 3.2.0.
2025-04-09 15:51:01,100 INFO  [org.alfresco.repo.module.ModuleServiceImpl] [main] Installing module 'ootbee-support-tools-repo' version 1.2.2.0.
2025-04-09 15:51:01,106 INFO  [org.alfresco.repo.module.ModuleServiceImpl] [main] Installing module 'org.alfresco.integrations.google.docs' version 4.1.0.
2025-04-09 15:51:01,112 INFO  [org.alfresco.repo.module.ModuleServiceImpl] [main] Installing module 'share-site-space-templates-repo' version 1.1.4-SNAPSHOT.
2025-04-09 15:51:01,117 INFO  [org.alfresco.repo.module.ModuleServiceImpl] [main] Installing module 'share-site-creators-repo' version 0.0.8-SNAPSHOT.
2025-04-09 15:51:01,123 INFO  [org.alfresco.repo.module.ModuleServiceImpl] [main] Installing module 'embed-metadata-action' version 1.0.0.
2025-04-09 15:51:01,130 INFO  [org.alfresco.repo.module.ModuleServiceImpl] [main] Installing module 'alfresco-share-services' version 23.4.1.1.
2025-04-09 15:51:01,135 INFO  [org.alfresco.repo.module.ModuleServiceImpl] [main] Installing module 'esign-cert-repo' version 1.8.4.
2025-04-09 15:51:01,141 INFO  [org.alfresco.repo.module.ModuleServiceImpl] [main] Installing module 'alfresco-trashcan-cleaner' version 2.4.2.
2025-04-09 15:51:01,148 INFO  [org.alfresco.repo.management.subsystems.ChildApplicationContextFactory] [main] Starting 'fileServers' subsystem, ID: [fileServers, default]
2025-04-09 15:51:01,222 INFO  [org.alfresco.repo.management.subsystems.ChildApplicationContextFactory] [main] Startup of 'fileServers' subsystem, ID: [fileServers, default] complete
2025-04-09 15:51:01,222 INFO  [org.alfresco.repo.management.subsystems.ChildApplicationContextFactory] [main] Starting 'imap' subsystem, ID: [imap, default]
2025-04-09 15:51:01,247 INFO  [org.alfresco.repo.management.subsystems.ChildApplicationContextFactory] [main] Startup of 'imap' subsystem, ID: [imap, default] complete
2025-04-09 15:51:01,248 INFO  [org.alfresco.repo.management.subsystems.ChildApplicationContextFactory] [main] Starting 'email' subsystem, ID: [email, outbound]
2025-04-09 15:51:01,275 INFO  [org.alfresco.repo.management.subsystems.ChildApplicationContextFactory] [main] Startup of 'email' subsystem, ID: [email, outbound] complete
2025-04-09 15:51:01,276 INFO  [org.alfresco.repo.management.subsystems.ChildApplicationContextFactory] [main] Starting 'email' subsystem, ID: [email, inbound]
2025-04-09 15:51:01,284 INFO  [org.alfresco.repo.management.subsystems.ChildApplicationContextFactory] [main] Startup of 'email' subsystem, ID: [email, inbound] complete
2025-04-09 15:51:01,284 INFO  [org.alfresco.repo.management.subsystems.ChildApplicationContextFactory] [main] Starting 'Subscriptions' subsystem, ID: [Subscriptions, default]
2025-04-09 15:51:01,288 INFO  [org.alfresco.repo.management.subsystems.ChildApplicationContextFactory] [main] Startup of 'Subscriptions' subsystem, ID: [Subscriptions, default] complete
2025-04-09 15:51:01,299 INFO  [org.alfresco.repo.management.subsystems.ChildApplicationContextFactory] [main] Starting 'Synchronization' subsystem, ID: [Synchronization, default]
2025-04-09 15:51:01,332 INFO  [org.alfresco.repo.management.subsystems.ChildApplicationContextFactory] [main] Startup of 'Synchronization' subsystem, ID: [Synchronization, default] complete
2025-04-09 15:51:01,336 INFO  [org.alfresco.service.descriptor.DescriptorService] [main] Alfresco JVM - v17.0.12+7-LTS; maximum heap size 5992.000MB
2025-04-09 15:51:01,336 INFO  [org.alfresco.service.descriptor.DescriptorService] [main] Server Mode :UNKNOWN
2025-04-09 15:51:01,337 INFO  [org.alfresco.service.descriptor.DescriptorService] [main] Alfresco Content Services started (Community). Current version: 23.4.1 (r9e14db2e-blocal) schema 19,300. Originally installed version: 23.4.1 (r9e14db2e-blocal) schema 19,300.
2025-04-09 15:51:01,341 INFO  [org.alfresco.repo.management.subsystems.ChildApplicationContextFactory] [main] Starting 'ActivitiesFeed' subsystem, ID: [ActivitiesFeed, default]
2025-04-09 15:51:01,418 INFO  [org.alfresco.repo.management.subsystems.ChildApplicationContextFactory] [main] Startup of 'ActivitiesFeed' subsystem, ID: [ActivitiesFeed, default] complete
2025-04-09 15:51:01,419 INFO  [org.alfresco.repo.management.subsystems.ChildApplicationContextFactory] [main] Starting 'Replication' subsystem, ID: [Replication, default]
2025-04-09 15:51:01,422 INFO  [org.alfresco.repo.management.subsystems.ChildApplicationContextFactory] [main] Startup of 'Replication' subsystem, ID: [Replication, default] complete
2025-04-09 15:51:01,685 INFO  [org.alfresco.repo.management.subsystems.ChildApplicationContextFactory] [eventAsyncDequeueThreadPool1] Starting 'Messaging' subsystem, ID: [Messaging, default]
2025-04-09 15:51:02,463 INFO  [org.alfresco.repo.management.subsystems.ChildApplicationContextFactory] [eventAsyncDequeueThreadPool1] Startup of 'Messaging' subsystem, ID: [Messaging, default] complete
2025-04-09 15:51:02,466 INFO  [org.alfresco.repo.management.subsystems.ChildApplicationContextFactory] [main] Starting 'googledocs' subsystem, ID: [googledocs, drive]
2025-04-09 15:51:02,500 INFO  [org.alfresco.repo.management.subsystems.ChildApplicationContextFactory] [main] Startup of 'googledocs' subsystem, ID: [googledocs, drive] complete
2025-04-09 15:51:03,474 INFO  [org.springframework.extensions.webscripts.DeclarativeRegistry] [asynchronouslyRefreshedCacheThreadPool1] Registered 447 Web Scripts (+0 failed), 604 URLs
2025-04-09 15:51:03,475 INFO  [org.springframework.extensions.webscripts.DeclarativeRegistry] [asynchronouslyRefreshedCacheThreadPool1] Registered 1 Package Description Documents (+0 failed) 
2025-04-09 15:51:03,475 INFO  [org.springframework.extensions.webscripts.DeclarativeRegistry] [asynchronouslyRefreshedCacheThreadPool1] Registered 0 Schema Description Documents (+0 failed) 
2025-04-09 15:51:03,712 INFO  [org.springframework.extensions.webscripts.DeclarativeRegistry] [main] Registered 447 Web Scripts (+0 failed), 604 URLs
2025-04-09 15:51:03,712 INFO  [org.springframework.extensions.webscripts.DeclarativeRegistry] [main] Registered 1 Package Description Documents (+0 failed) 
2025-04-09 15:51:03,712 INFO  [org.springframework.extensions.webscripts.DeclarativeRegistry] [main] Registered 0 Schema Description Documents (+0 failed) 
2025-04-09 15:51:03,715 INFO  [org.springframework.extensions.webscripts.AbstractRuntimeContainer] [main] Initialised Repository Web Script Container (in 1149.4658ms)
2025-04-09 15:51:03,722 INFO  [org.springframework.extensions.webscripts.TemplateProcessorRegistry] [main] Registered template processor freemarker for extension ftl
2025-04-09 15:51:03,723 INFO  [org.springframework.extensions.webscripts.ScriptProcessorRegistry] [main] Registered script processor javascript for extension js
2025-04-09 15:51:03,887 INFO  [org.springframework.extensions.webscripts.DeclarativeRegistry] [asynchronouslyRefreshedCacheThreadPool1] Registered 447 Web Scripts (+0 failed), 604 URLs
2025-04-09 15:51:03,888 INFO  [org.springframework.extensions.webscripts.DeclarativeRegistry] [asynchronouslyRefreshedCacheThreadPool1] Registered 1 Package Description Documents (+0 failed) 
2025-04-09 15:51:03,888 INFO  [org.springframework.extensions.webscripts.DeclarativeRegistry] [asynchronouslyRefreshedCacheThreadPool1] Registered 0 Schema Description Documents (+0 failed) 
2025-04-09 15:51:03,911 INFO  [org.springframework.extensions.webscripts.DeclarativeRegistry] [asynchronouslyRefreshedCacheThreadPool1] Registered 14 Web Scripts (+0 failed), 103 URLs
2025-04-09 15:51:03,911 INFO  [org.springframework.extensions.webscripts.DeclarativeRegistry] [asynchronouslyRefreshedCacheThreadPool1] Registered 0 Package Description Documents (+0 failed) 
2025-04-09 15:51:03,911 INFO  [org.springframework.extensions.webscripts.DeclarativeRegistry] [asynchronouslyRefreshedCacheThreadPool1] Registered 0 Schema Description Documents (+0 failed) 
2025-04-09 15:51:03,946 INFO  [org.springframework.extensions.webscripts.DeclarativeRegistry] [main] Registered 14 Web Scripts (+0 failed), 103 URLs
2025-04-09 15:51:03,947 INFO  [org.springframework.extensions.webscripts.DeclarativeRegistry] [main] Registered 0 Package Description Documents (+0 failed) 
2025-04-09 15:51:03,947 INFO  [org.springframework.extensions.webscripts.DeclarativeRegistry] [main] Registered 0 Schema Description Documents (+0 failed) 
2025-04-09 15:51:03,949 INFO  [org.springframework.extensions.webscripts.AbstractRuntimeContainer] [main] Initialised Public Api Web Script Container (in 216.43808ms)
2025-04-09 15:51:03,955 INFO  [org.springframework.extensions.webscripts.DeclarativeRegistry] [asynchronouslyRefreshedCacheThreadPool1] Registered 14 Web Scripts (+0 failed), 103 URLs
2025-04-09 15:51:03,955 INFO  [org.springframework.extensions.webscripts.DeclarativeRegistry] [asynchronouslyRefreshedCacheThreadPool1] Registered 0 Package Description Documents (+0 failed) 
2025-04-09 15:51:03,955 INFO  [org.springframework.extensions.webscripts.DeclarativeRegistry] [asynchronouslyRefreshedCacheThreadPool1] Registered 0 Schema Description Documents (+0 failed) 
2025-04-09 15:51:05,378 INFO  [org.alfresco.repo.admin] [http-nio-8080-exec-1] Using database URL 'jdbc:postgresql://postgres:5432/alfresco' with user 'alfresco'.
2025-04-09 15:51:05,379 INFO  [org.alfresco.repo.admin] [http-nio-8080-exec-1] Connected to database PostgreSQL version 15.6 (Debian 15.6-1.pgdg120+2)
2025-04-09 15:51:05,380 INFO  [org.alfresco.rest.api.probes.ProbeEntityResource] [http-nio-8080-exec-1] readyProbe: Success - Tested
2025-04-09 15:51:36,860 INFO  [org.alfresco.repo.admin] [http-nio-8080-exec-2] Using database URL 'jdbc:postgresql://postgres:5432/alfresco' with user 'alfresco'.
2025-04-09 15:51:36,862 INFO  [org.alfresco.repo.admin] [http-nio-8080-exec-2] Connected to database PostgreSQL version 15.6 (Debian 15.6-1.pgdg120+2)
2025-04-09 15:51:36,862 INFO  [org.alfresco.rest.api.probes.ProbeEntityResource] [http-nio-8080-exec-2] readyProbe: Success - Tested
2025-04-09 15:51:40,162 INFO  [org.alfresco.repo.management.subsystems.ChildApplicationContextFactory] [http-nio-8080-exec-9] Starting 'Transformers' subsystem, ID: [Transformers, default]
2025-04-09 15:51:40,193 INFO  [org.alfresco.repo.management.subsystems.ChildApplicationContextFactory] [http-nio-8080-exec-9] Startup of 'Transformers' subsystem, ID: [Transformers, default] complete
2025-04-09 15:52:06,915 INFO  [org.alfresco.repo.admin] [http-nio-8080-exec-3] Using database URL 'jdbc:postgresql://postgres:5432/alfresco' with user 'alfresco'.
2025-04-09 15:52:06,916 INFO  [org.alfresco.repo.admin] [http-nio-8080-exec-3] Connected to database PostgreSQL version 15.6 (Debian 15.6-1.pgdg120+2)
2025-04-09 15:52:06,917 INFO  [org.alfresco.rest.api.probes.ProbeEntityResource] [http-nio-8080-exec-3] readyProbe: Success - Tested
2025-04-09 15:52:36,976 INFO  [org.alfresco.repo.admin] [http-nio-8080-exec-1] Using database URL 'jdbc:postgresql://postgres:5432/alfresco' with user 'alfresco'.
2025-04-09 15:52:36,977 INFO  [org.alfresco.repo.admin] [http-nio-8080-exec-1] Connected to database PostgreSQL version 15.6 (Debian 15.6-1.pgdg120+2)
2025-04-09 15:52:36,977 INFO  [org.alfresco.rest.api.probes.ProbeEntityResource] [http-nio-8080-exec-1] readyProbe: Success - Tested
2025-04-09 15:53:07,037 INFO  [org.alfresco.repo.admin] [http-nio-8080-exec-4] Using database URL 'jdbc:postgresql://postgres:5432/alfresco' with user 'alfresco'.
2025-04-09 15:53:07,039 INFO  [org.alfresco.repo.admin] [http-nio-8080-exec-4] Connected to database PostgreSQL version 15.6 (Debian 15.6-1.pgdg120+2)
2025-04-09 15:53:07,039 INFO  [org.alfresco.rest.api.probes.ProbeEntityResource] [http-nio-8080-exec-4] readyProbe: Success - Tested
2025-04-09 15:53:37,085 INFO  [org.alfresco.repo.admin] [http-nio-8080-exec-1] Using database URL 'jdbc:postgresql://postgres:5432/alfresco' with user 'alfresco'.
2025-04-09 15:53:37,086 INFO  [org.alfresco.repo.admin] [http-nio-8080-exec-1] Connected to database PostgreSQL version 15.6 (Debian 15.6-1.pgdg120+2)
2025-04-09 15:53:37,087 INFO  [org.alfresco.rest.api.probes.ProbeEntityResource] [http-nio-8080-exec-1] readyProbe: Success - Tested
2025-04-09 15:54:07,134 INFO  [org.alfresco.repo.admin] [http-nio-8080-exec-10] Using database URL 'jdbc:postgresql://postgres:5432/alfresco' with user 'alfresco'.
2025-04-09 15:54:07,135 INFO  [org.alfresco.repo.admin] [http-nio-8080-exec-10] Connected to database PostgreSQL version 15.6 (Debian 15.6-1.pgdg120+2)
2025-04-09 15:54:07,136 INFO  [org.alfresco.rest.api.probes.ProbeEntityResource] [http-nio-8080-exec-10] readyProbe: Success - Tested
2025-04-09 15:54:26,458 ERROR [org.alfresco.rest.framework.webscripts.ResourceWebScriptGet] [http-nio-8080-exec-7] Exception 42e52bb0-f3d0-422e-a52b-b0f3d0822efd. Request /alfresco/api/-default-/public/alfresco/versions/1/nodes/-my-?relativePath=config.json executed by user admin returned status code 404 with message: 03090001 The entity with relativePath: config.json was not found. - Increase logging on org.alfresco.rest.framework.webscripts.ResourceWebScriptGet for stack trace.
2025-04-09 15:54:37,191 INFO  [org.alfresco.repo.admin] [http-nio-8080-exec-5] Using database URL 'jdbc:postgresql://postgres:5432/alfresco' with user 'alfresco'.
2025-04-09 15:54:37,193 INFO  [org.alfresco.repo.admin] [http-nio-8080-exec-5] Connected to database PostgreSQL version 15.6 (Debian 15.6-1.pgdg120+2)
2025-04-09 15:54:37,193 INFO  [org.alfresco.rest.api.probes.ProbeEntityResource] [http-nio-8080-exec-5] readyProbe: Success - Tested
2025-04-09 15:55:07,256 INFO  [org.alfresco.repo.admin] [http-nio-8080-exec-4] Using database URL 'jdbc:postgresql://postgres:5432/alfresco' with user 'alfresco'.
2025-04-09 15:55:07,258 INFO  [org.alfresco.repo.admin] [http-nio-8080-exec-4] Connected to database PostgreSQL version 15.6 (Debian 15.6-1.pgdg120+2)
2025-04-09 15:55:07,258 INFO  [org.alfresco.rest.api.probes.ProbeEntityResource] [http-nio-8080-exec-4] readyProbe: Success - Tested
2025-04-09 15:55:37,311 INFO  [org.alfresco.repo.admin] [http-nio-8080-exec-10] Using database URL 'jdbc:postgresql://postgres:5432/alfresco' with user 'alfresco'.
2025-04-09 15:55:37,311 INFO  [org.alfresco.repo.admin] [http-nio-8080-exec-10] Connected to database PostgreSQL version 15.6 (Debian 15.6-1.pgdg120+2)
2025-04-09 15:55:37,313 INFO  [org.alfresco.rest.api.probes.ProbeEntityResource] [http-nio-8080-exec-10] readyProbe: Success - Tested
2025-04-09 15:56:07,340 INFO  [org.alfresco.repo.admin] [http-nio-8080-exec-1] Using database URL 'jdbc:postgresql://postgres:5432/alfresco' with user 'alfresco'.
2025-04-09 15:56:07,341 INFO  [org.alfresco.repo.admin] [http-nio-8080-exec-1] Connected to database PostgreSQL version 15.6 (Debian 15.6-1.pgdg120+2)
2025-04-09 15:56:07,341 INFO  [org.alfresco.rest.api.probes.ProbeEntityResource] [http-nio-8080-exec-1] readyProbe: Success - Tested
2025-04-09 15:56:37,395 INFO  [org.alfresco.repo.admin] [http-nio-8080-exec-4] Using database URL 'jdbc:postgresql://postgres:5432/alfresco' with user 'alfresco'.
2025-04-09 15:56:37,397 INFO  [org.alfresco.repo.admin] [http-nio-8080-exec-4] Connected to database PostgreSQL version 15.6 (Debian 15.6-1.pgdg120+2)
2025-04-09 15:56:37,397 INFO  [org.alfresco.rest.api.probes.ProbeEntityResource] [http-nio-8080-exec-4] readyProbe: Success - Tested
2025-04-09 15:57:07,462 INFO  [org.alfresco.repo.admin] [http-nio-8080-exec-1] Using database URL 'jdbc:postgresql://postgres:5432/alfresco' with user 'alfresco'.
2025-04-09 15:57:07,464 INFO  [org.alfresco.repo.admin] [http-nio-8080-exec-1] Connected to database PostgreSQL version 15.6 (Debian 15.6-1.pgdg120+2)
2025-04-09 15:57:07,464 INFO  [org.alfresco.rest.api.probes.ProbeEntityResource] [http-nio-8080-exec-1] readyProbe: Success - Tested
2025-04-09 15:57:37,523 INFO  [org.alfresco.repo.admin] [http-nio-8080-exec-6] Using database URL 'jdbc:postgresql://postgres:5432/alfresco' with user 'alfresco'.
2025-04-09 15:57:37,524 INFO  [org.alfresco.repo.admin] [http-nio-8080-exec-6] Connected to database PostgreSQL version 15.6 (Debian 15.6-1.pgdg120+2)
2025-04-09 15:57:37,525 INFO  [org.alfresco.rest.api.probes.ProbeEntityResource] [http-nio-8080-exec-6] readyProbe: Success - Tested
2025-04-09 15:58:07,580 INFO  [org.alfresco.repo.admin] [http-nio-8080-exec-5] Using database URL 'jdbc:postgresql://postgres:5432/alfresco' with user 'alfresco'.
2025-04-09 15:58:07,582 INFO  [org.alfresco.repo.admin] [http-nio-8080-exec-5] Connected to database PostgreSQL version 15.6 (Debian 15.6-1.pgdg120+2)
2025-04-09 15:58:07,582 INFO  [org.alfresco.rest.api.probes.ProbeEntityResource] [http-nio-8080-exec-5] readyProbe: Success - Tested
2025-04-09 15:58:37,635 INFO  [org.alfresco.repo.admin] [http-nio-8080-exec-2] Using database URL 'jdbc:postgresql://postgres:5432/alfresco' with user 'alfresco'.
2025-04-09 15:58:37,637 INFO  [org.alfresco.repo.admin] [http-nio-8080-exec-2] Connected to database PostgreSQL version 15.6 (Debian 15.6-1.pgdg120+2)
2025-04-09 15:58:37,637 INFO  [org.alfresco.rest.api.probes.ProbeEntityResource] [http-nio-8080-exec-2] readyProbe: Success - Tested
2025-04-09 15:59:07,702 INFO  [org.alfresco.repo.admin] [http-nio-8080-exec-4] Using database URL 'jdbc:postgresql://postgres:5432/alfresco' with user 'alfresco'.
2025-04-09 15:59:07,704 INFO  [org.alfresco.repo.admin] [http-nio-8080-exec-4] Connected to database PostgreSQL version 15.6 (Debian 15.6-1.pgdg120+2)
2025-04-09 15:59:07,705 INFO  [org.alfresco.rest.api.probes.ProbeEntityResource] [http-nio-8080-exec-4] readyProbe: Success - Tested
2025-04-09 15:59:37,762 INFO  [org.alfresco.repo.admin] [http-nio-8080-exec-1] Using database URL 'jdbc:postgresql://postgres:5432/alfresco' with user 'alfresco'.
2025-04-09 15:59:37,763 INFO  [org.alfresco.repo.admin] [http-nio-8080-exec-1] Connected to database PostgreSQL version 15.6 (Debian 15.6-1.pgdg120+2)
2025-04-09 15:59:37,764 INFO  [org.alfresco.rest.api.probes.ProbeEntityResource] [http-nio-8080-exec-1] readyProbe: Success - Tested
2025-04-09 16:00:07,827 INFO  [org.alfresco.repo.admin] [http-nio-8080-exec-9] Using database URL 'jdbc:postgresql://postgres:5432/alfresco' with user 'alfresco'.
2025-04-09 16:00:07,828 INFO  [org.alfresco.repo.admin] [http-nio-8080-exec-9] Connected to database PostgreSQL version 15.6 (Debian 15.6-1.pgdg120+2)
2025-04-09 16:00:07,829 INFO  [org.alfresco.rest.api.probes.ProbeEntityResource] [http-nio-8080-exec-9] readyProbe: Success - Tested
2025-04-09 16:00:37,883 INFO  [org.alfresco.repo.admin] [http-nio-8080-exec-6] Using database URL 'jdbc:postgresql://postgres:5432/alfresco' with user 'alfresco'.
2025-04-09 16:00:37,884 INFO  [org.alfresco.repo.admin] [http-nio-8080-exec-6] Connected to database PostgreSQL version 15.6 (Debian 15.6-1.pgdg120+2)
2025-04-09 16:00:37,885 INFO  [org.alfresco.rest.api.probes.ProbeEntityResource] [http-nio-8080-exec-6] readyProbe: Success - Tested
2025-04-09 16:01:07,949 INFO  [org.alfresco.repo.admin] [http-nio-8080-exec-9] Using database URL 'jdbc:postgresql://postgres:5432/alfresco' with user 'alfresco'.
2025-04-09 16:01:07,950 INFO  [org.alfresco.repo.admin] [http-nio-8080-exec-9] Connected to database PostgreSQL version 15.6 (Debian 15.6-1.pgdg120+2)
2025-04-09 16:01:07,950 INFO  [org.alfresco.rest.api.probes.ProbeEntityResource] [http-nio-8080-exec-9] readyProbe: Success - Tested
2025-04-09 16:01:38,009 INFO  [org.alfresco.repo.admin] [http-nio-8080-exec-4] Using database URL 'jdbc:postgresql://postgres:5432/alfresco' with user 'alfresco'.
2025-04-09 16:01:38,010 INFO  [org.alfresco.repo.admin] [http-nio-8080-exec-4] Connected to database PostgreSQL version 15.6 (Debian 15.6-1.pgdg120+2)
2025-04-09 16:01:38,010 INFO  [org.alfresco.rest.api.probes.ProbeEntityResource] [http-nio-8080-exec-4] readyProbe: Success - Tested
2025-04-09 16:02:08,065 INFO  [org.alfresco.repo.admin] [http-nio-8080-exec-8] Using database URL 'jdbc:postgresql://postgres:5432/alfresco' with user 'alfresco'.
2025-04-09 16:02:08,067 INFO  [org.alfresco.repo.admin] [http-nio-8080-exec-8] Connected to database PostgreSQL version 15.6 (Debian 15.6-1.pgdg120+2)
2025-04-09 16:02:08,067 INFO  [org.alfresco.rest.api.probes.ProbeEntityResource] [http-nio-8080-exec-8] readyProbe: Success - Tested
2025-04-09 16:02:38,123 INFO  [org.alfresco.repo.admin] [http-nio-8080-exec-11] Using database URL 'jdbc:postgresql://postgres:5432/alfresco' with user 'alfresco'.
2025-04-09 16:02:38,124 INFO  [org.alfresco.repo.admin] [http-nio-8080-exec-11] Connected to database PostgreSQL version 15.6 (Debian 15.6-1.pgdg120+2)
2025-04-09 16:02:38,125 INFO  [org.alfresco.rest.api.probes.ProbeEntityResource] [http-nio-8080-exec-11] readyProbe: Success - Tested
2025-04-09 16:03:08,171 INFO  [org.alfresco.repo.admin] [http-nio-8080-exec-4] Using database URL 'jdbc:postgresql://postgres:5432/alfresco' with user 'alfresco'.
2025-04-09 16:03:08,171 INFO  [org.alfresco.repo.admin] [http-nio-8080-exec-4] Connected to database PostgreSQL version 15.6 (Debian 15.6-1.pgdg120+2)
2025-04-09 16:03:08,172 INFO  [org.alfresco.rest.api.probes.ProbeEntityResource] [http-nio-8080-exec-4] readyProbe: Success - Tested
2025-04-09 16:03:38,226 INFO  [org.alfresco.repo.admin] [http-nio-8080-exec-2] Using database URL 'jdbc:postgresql://postgres:5432/alfresco' with user 'alfresco'.
2025-04-09 16:03:38,226 INFO  [org.alfresco.repo.admin] [http-nio-8080-exec-2] Connected to database PostgreSQL version 15.6 (Debian 15.6-1.pgdg120+2)
2025-04-09 16:03:38,227 INFO  [org.alfresco.rest.api.probes.ProbeEntityResource] [http-nio-8080-exec-2] readyProbe: Success - Tested
2025-04-09 16:04:08,288 INFO  [org.alfresco.repo.admin] [http-nio-8080-exec-4] Using database URL 'jdbc:postgresql://postgres:5432/alfresco' with user 'alfresco'.
2025-04-09 16:04:08,289 INFO  [org.alfresco.repo.admin] [http-nio-8080-exec-4] Connected to database PostgreSQL version 15.6 (Debian 15.6-1.pgdg120+2)
2025-04-09 16:04:08,289 INFO  [org.alfresco.rest.api.probes.ProbeEntityResource] [http-nio-8080-exec-4] readyProbe: Success - Tested
2025-04-09 16:04:38,339 INFO  [org.alfresco.repo.admin] [http-nio-8080-exec-3] Using database URL 'jdbc:postgresql://postgres:5432/alfresco' with user 'alfresco'.
2025-04-09 16:04:38,340 INFO  [org.alfresco.repo.admin] [http-nio-8080-exec-3] Connected to database PostgreSQL version 15.6 (Debian 15.6-1.pgdg120+2)
2025-04-09 16:04:38,340 INFO  [org.alfresco.rest.api.probes.ProbeEntityResource] [http-nio-8080-exec-3] readyProbe: Success - Tested
2025-04-09 16:05:08,397 INFO  [org.alfresco.repo.admin] [http-nio-8080-exec-8] Using database URL 'jdbc:postgresql://postgres:5432/alfresco' with user 'alfresco'.
2025-04-09 16:05:08,399 INFO  [org.alfresco.repo.admin] [http-nio-8080-exec-8] Connected to database PostgreSQL version 15.6 (Debian 15.6-1.pgdg120+2)
2025-04-09 16:05:08,399 INFO  [org.alfresco.rest.api.probes.ProbeEntityResource] [http-nio-8080-exec-8] readyProbe: Success - Tested
2025-04-09 16:05:38,462 INFO  [org.alfresco.repo.admin] [http-nio-8080-exec-3] Using database URL 'jdbc:postgresql://postgres:5432/alfresco' with user 'alfresco'.
2025-04-09 16:05:38,464 INFO  [org.alfresco.repo.admin] [http-nio-8080-exec-3] Connected to database PostgreSQL version 15.6 (Debian 15.6-1.pgdg120+2)
2025-04-09 16:05:38,464 INFO  [org.alfresco.rest.api.probes.ProbeEntityResource] [http-nio-8080-exec-3] readyProbe: Success - Tested
2025-04-09 16:06:08,529 INFO  [org.alfresco.repo.admin] [http-nio-8080-exec-11] Using database URL 'jdbc:postgresql://postgres:5432/alfresco' with user 'alfresco'.
2025-04-09 16:06:08,530 INFO  [org.alfresco.repo.admin] [http-nio-8080-exec-11] Connected to database PostgreSQL version 15.6 (Debian 15.6-1.pgdg120+2)
2025-04-09 16:06:08,531 INFO  [org.alfresco.rest.api.probes.ProbeEntityResource] [http-nio-8080-exec-11] readyProbe: Success - Tested
2025-04-09 16:37:13,753 INFO  [org.alfresco.repo.admin] [http-nio-8080-exec-8] Using database URL 'jdbc:postgresql://postgres:5432/alfresco' with user 'alfresco'.
2025-04-09 16:37:13,754 INFO  [org.alfresco.repo.admin] [http-nio-8080-exec-8] Connected to database PostgreSQL version 15.6 (Debian 15.6-1.pgdg120+2)
2025-04-09 16:37:13,754 INFO  [org.alfresco.rest.api.probes.ProbeEntityResource] [http-nio-8080-exec-8] readyProbe: Success - Tested
2025-04-09 16:37:43,804 INFO  [org.alfresco.repo.admin] [http-nio-8080-exec-10] Using database URL 'jdbc:postgresql://postgres:5432/alfresco' with user 'alfresco'.
2025-04-09 16:37:43,805 INFO  [org.alfresco.repo.admin] [http-nio-8080-exec-10] Connected to database PostgreSQL version 15.6 (Debian 15.6-1.pgdg120+2)
2025-04-09 16:37:43,805 INFO  [org.alfresco.rest.api.probes.ProbeEntityResource] [http-nio-8080-exec-10] readyProbe: Success - Tested
2025-04-09 16:38:13,863 INFO  [org.alfresco.repo.admin] [http-nio-8080-exec-5] Using database URL 'jdbc:postgresql://postgres:5432/alfresco' with user 'alfresco'.
2025-04-09 16:38:13,864 INFO  [org.alfresco.repo.admin] [http-nio-8080-exec-5] Connected to database PostgreSQL version 15.6 (Debian 15.6-1.pgdg120+2)
2025-04-09 16:38:13,864 INFO  [org.alfresco.rest.api.probes.ProbeEntityResource] [http-nio-8080-exec-5] readyProbe: Success - Tested
2025-04-09 16:56:06,080 INFO  [org.alfresco.repo.admin] [http-nio-8080-exec-5] Using database URL 'jdbc:postgresql://postgres:5432/alfresco' with user 'alfresco'.
2025-04-09 16:56:06,081 INFO  [org.alfresco.repo.admin] [http-nio-8080-exec-5] Connected to database PostgreSQL version 15.6 (Debian 15.6-1.pgdg120+2)
2025-04-09 16:56:06,081 INFO  [org.alfresco.rest.api.probes.ProbeEntityResource] [http-nio-8080-exec-5] readyProbe: Success - Tested
2025-04-09 17:44:58,675 INFO  [org.alfresco.repo.admin] [http-nio-8080-exec-8] Using database URL 'jdbc:postgresql://postgres:5432/alfresco' with user 'alfresco'.
2025-04-09 17:44:58,677 INFO  [org.alfresco.repo.admin] [http-nio-8080-exec-8] Connected to database PostgreSQL version 15.6 (Debian 15.6-1.pgdg120+2)
2025-04-09 17:44:58,677 INFO  [org.alfresco.rest.api.probes.ProbeEntityResource] [http-nio-8080-exec-8] readyProbe: Success - Tested
2025-04-09 17:45:28,738 INFO  [org.alfresco.repo.admin] [http-nio-8080-exec-5] Using database URL 'jdbc:postgresql://postgres:5432/alfresco' with user 'alfresco'.
2025-04-09 17:45:28,738 INFO  [org.alfresco.repo.admin] [http-nio-8080-exec-5] Connected to database PostgreSQL version 15.6 (Debian 15.6-1.pgdg120+2)
2025-04-09 17:45:28,739 INFO  [org.alfresco.rest.api.probes.ProbeEntityResource] [http-nio-8080-exec-5] readyProbe: Success - Tested
2025-04-09 17:45:58,794 INFO  [org.alfresco.repo.admin] [http-nio-8080-exec-11] Using database URL 'jdbc:postgresql://postgres:5432/alfresco' with user 'alfresco'.
2025-04-09 17:45:58,795 INFO  [org.alfresco.repo.admin] [http-nio-8080-exec-11] Connected to database PostgreSQL version 15.6 (Debian 15.6-1.pgdg120+2)
2025-04-09 17:45:58,795 INFO  [org.alfresco.rest.api.probes.ProbeEntityResource] [http-nio-8080-exec-11] readyProbe: Success - Tested
2025-04-09 17:46:28,854 INFO  [org.alfresco.repo.admin] [http-nio-8080-exec-1] Using database URL 'jdbc:postgresql://postgres:5432/alfresco' with user 'alfresco'.
2025-04-09 17:46:28,856 INFO  [org.alfresco.repo.admin] [http-nio-8080-exec-1] Connected to database PostgreSQL version 15.6 (Debian 15.6-1.pgdg120+2)
2025-04-09 17:46:28,857 INFO  [org.alfresco.rest.api.probes.ProbeEntityResource] [http-nio-8080-exec-1] readyProbe: Success - Tested
2025-04-09 17:46:58,913 INFO  [org.alfresco.repo.admin] [http-nio-8080-exec-5] Using database URL 'jdbc:postgresql://postgres:5432/alfresco' with user 'alfresco'.
2025-04-09 17:46:58,914 INFO  [org.alfresco.repo.admin] [http-nio-8080-exec-5] Connected to database PostgreSQL version 15.6 (Debian 15.6-1.pgdg120+2)
2025-04-09 17:46:58,914 INFO  [org.alfresco.rest.api.probes.ProbeEntityResource] [http-nio-8080-exec-5] readyProbe: Success - Tested
2025-04-09 17:47:28,968 INFO  [org.alfresco.repo.admin] [http-nio-8080-exec-7] Using database URL 'jdbc:postgresql://postgres:5432/alfresco' with user 'alfresco'.
2025-04-09 17:47:28,969 INFO  [org.alfresco.repo.admin] [http-nio-8080-exec-7] Connected to database PostgreSQL version 15.6 (Debian 15.6-1.pgdg120+2)
2025-04-09 17:47:28,970 INFO  [org.alfresco.rest.api.probes.ProbeEntityResource] [http-nio-8080-exec-7] readyProbe: Success - Tested
2025-04-09 17:47:59,027 INFO  [org.alfresco.repo.admin] [http-nio-8080-exec-7] Using database URL 'jdbc:postgresql://postgres:5432/alfresco' with user 'alfresco'.
2025-04-09 17:47:59,028 INFO  [org.alfresco.repo.admin] [http-nio-8080-exec-7] Connected to database PostgreSQL version 15.6 (Debian 15.6-1.pgdg120+2)
2025-04-09 17:47:59,028 INFO  [org.alfresco.rest.api.probes.ProbeEntityResource] [http-nio-8080-exec-7] readyProbe: Success - Tested
2025-04-09 17:48:29,088 INFO  [org.alfresco.repo.admin] [http-nio-8080-exec-8] Using database URL 'jdbc:postgresql://postgres:5432/alfresco' with user 'alfresco'.
2025-04-09 17:48:29,089 INFO  [org.alfresco.repo.admin] [http-nio-8080-exec-8] Connected to database PostgreSQL version 15.6 (Debian 15.6-1.pgdg120+2)
2025-04-09 17:48:29,089 INFO  [org.alfresco.rest.api.probes.ProbeEntityResource] [http-nio-8080-exec-8] readyProbe: Success - Tested
2025-04-09 17:48:59,146 INFO  [org.alfresco.repo.admin] [http-nio-8080-exec-4] Using database URL 'jdbc:postgresql://postgres:5432/alfresco' with user 'alfresco'.
2025-04-09 17:48:59,146 INFO  [org.alfresco.repo.admin] [http-nio-8080-exec-4] Connected to database PostgreSQL version 15.6 (Debian 15.6-1.pgdg120+2)
2025-04-09 17:48:59,147 INFO  [org.alfresco.rest.api.probes.ProbeEntityResource] [http-nio-8080-exec-4] readyProbe: Success - Tested
2025-04-09 17:49:29,197 INFO  [org.alfresco.repo.admin] [http-nio-8080-exec-6] Using database URL 'jdbc:postgresql://postgres:5432/alfresco' with user 'alfresco'.
2025-04-09 17:49:29,198 INFO  [org.alfresco.repo.admin] [http-nio-8080-exec-6] Connected to database PostgreSQL version 15.6 (Debian 15.6-1.pgdg120+2)
2025-04-09 17:49:29,198 INFO  [org.alfresco.rest.api.probes.ProbeEntityResource] [http-nio-8080-exec-6] readyProbe: Success - Tested
2025-04-09 17:49:59,261 INFO  [org.alfresco.repo.admin] [http-nio-8080-exec-2] Using database URL 'jdbc:postgresql://postgres:5432/alfresco' with user 'alfresco'.
2025-04-09 17:49:59,262 INFO  [org.alfresco.repo.admin] [http-nio-8080-exec-2] Connected to database PostgreSQL version 15.6 (Debian 15.6-1.pgdg120+2)
2025-04-09 17:49:59,262 INFO  [org.alfresco.rest.api.probes.ProbeEntityResource] [http-nio-8080-exec-2] readyProbe: Success - Tested
2025-04-09 17:50:29,319 INFO  [org.alfresco.repo.admin] [http-nio-8080-exec-4] Using database URL 'jdbc:postgresql://postgres:5432/alfresco' with user 'alfresco'.
2025-04-09 17:50:29,321 INFO  [org.alfresco.repo.admin] [http-nio-8080-exec-4] Connected to database PostgreSQL version 15.6 (Debian 15.6-1.pgdg120+2)
2025-04-09 17:50:29,321 INFO  [org.alfresco.rest.api.probes.ProbeEntityResource] [http-nio-8080-exec-4] readyProbe: Success - Tested
2025-04-09 17:50:59,359 INFO  [org.alfresco.repo.admin] [http-nio-8080-exec-11] Using database URL 'jdbc:postgresql://postgres:5432/alfresco' with user 'alfresco'.
2025-04-09 17:50:59,360 INFO  [org.alfresco.repo.admin] [http-nio-8080-exec-11] Connected to database PostgreSQL version 15.6 (Debian 15.6-1.pgdg120+2)
2025-04-09 17:50:59,360 INFO  [org.alfresco.rest.api.probes.ProbeEntityResource] [http-nio-8080-exec-11] readyProbe: Success - Tested
2025-04-09 17:51:29,426 INFO  [org.alfresco.repo.admin] [http-nio-8080-exec-6] Using database URL 'jdbc:postgresql://postgres:5432/alfresco' with user 'alfresco'.
2025-04-09 17:51:29,427 INFO  [org.alfresco.repo.admin] [http-nio-8080-exec-6] Connected to database PostgreSQL version 15.6 (Debian 15.6-1.pgdg120+2)
2025-04-09 17:51:29,428 INFO  [org.alfresco.rest.api.probes.ProbeEntityResource] [http-nio-8080-exec-6] readyProbe: Success - Tested
2025-04-09 17:51:59,477 INFO  [org.alfresco.repo.admin] [http-nio-8080-exec-9] Using database URL 'jdbc:postgresql://postgres:5432/alfresco' with user 'alfresco'.
2025-04-09 17:51:59,480 INFO  [org.alfresco.repo.admin] [http-nio-8080-exec-9] Connected to database PostgreSQL version 15.6 (Debian 15.6-1.pgdg120+2)
2025-04-09 17:51:59,481 INFO  [org.alfresco.rest.api.probes.ProbeEntityResource] [http-nio-8080-exec-9] readyProbe: Success - Tested
2025-04-09 17:52:29,547 INFO  [org.alfresco.repo.admin] [http-nio-8080-exec-11] Using database URL 'jdbc:postgresql://postgres:5432/alfresco' with user 'alfresco'.
2025-04-09 17:52:29,549 INFO  [org.alfresco.repo.admin] [http-nio-8080-exec-11] Connected to database PostgreSQL version 15.6 (Debian 15.6-1.pgdg120+2)
2025-04-09 17:52:29,549 INFO  [org.alfresco.rest.api.probes.ProbeEntityResource] [http-nio-8080-exec-11] readyProbe: Success - Tested
2025-04-09 17:52:59,597 INFO  [org.alfresco.repo.admin] [http-nio-8080-exec-9] Using database URL 'jdbc:postgresql://postgres:5432/alfresco' with user 'alfresco'.
2025-04-09 17:52:59,598 INFO  [org.alfresco.repo.admin] [http-nio-8080-exec-9] Connected to database PostgreSQL version 15.6 (Debian 15.6-1.pgdg120+2)
2025-04-09 17:52:59,598 INFO  [org.alfresco.rest.api.probes.ProbeEntityResource] [http-nio-8080-exec-9] readyProbe: Success - Tested
2025-04-09 17:53:29,653 INFO  [org.alfresco.repo.admin] [http-nio-8080-exec-8] Using database URL 'jdbc:postgresql://postgres:5432/alfresco' with user 'alfresco'.
2025-04-09 17:53:29,655 INFO  [org.alfresco.repo.admin] [http-nio-8080-exec-8] Connected to database PostgreSQL version 15.6 (Debian 15.6-1.pgdg120+2)
2025-04-09 17:53:29,655 INFO  [org.alfresco.rest.api.probes.ProbeEntityResource] [http-nio-8080-exec-8] readyProbe: Success - Tested
2025-04-09 17:53:59,696 INFO  [org.alfresco.repo.admin] [http-nio-8080-exec-8] Using database URL 'jdbc:postgresql://postgres:5432/alfresco' with user 'alfresco'.
2025-04-09 17:53:59,696 INFO  [org.alfresco.repo.admin] [http-nio-8080-exec-8] Connected to database PostgreSQL version 15.6 (Debian 15.6-1.pgdg120+2)
2025-04-09 17:53:59,696 INFO  [org.alfresco.rest.api.probes.ProbeEntityResource] [http-nio-8080-exec-8] readyProbe: Success - Tested
2025-04-09 17:54:29,750 INFO  [org.alfresco.repo.admin] [http-nio-8080-exec-1] Using database URL 'jdbc:postgresql://postgres:5432/alfresco' with user 'alfresco'.
2025-04-09 17:54:29,750 INFO  [org.alfresco.repo.admin] [http-nio-8080-exec-1] Connected to database PostgreSQL version 15.6 (Debian 15.6-1.pgdg120+2)
2025-04-09 17:54:29,751 INFO  [org.alfresco.rest.api.probes.ProbeEntityResource] [http-nio-8080-exec-1] readyProbe: Success - Tested
2025-04-09 17:54:59,787 INFO  [org.alfresco.repo.admin] [http-nio-8080-exec-5] Using database URL 'jdbc:postgresql://postgres:5432/alfresco' with user 'alfresco'.
2025-04-09 17:54:59,787 INFO  [org.alfresco.repo.admin] [http-nio-8080-exec-5] Connected to database PostgreSQL version 15.6 (Debian 15.6-1.pgdg120+2)
2025-04-09 17:54:59,788 INFO  [org.alfresco.rest.api.probes.ProbeEntityResource] [http-nio-8080-exec-5] readyProbe: Success - Tested
2025-04-09 17:55:29,841 INFO  [org.alfresco.repo.admin] [http-nio-8080-exec-5] Using database URL 'jdbc:postgresql://postgres:5432/alfresco' with user 'alfresco'.
2025-04-09 17:55:29,842 INFO  [org.alfresco.repo.admin] [http-nio-8080-exec-5] Connected to database PostgreSQL version 15.6 (Debian 15.6-1.pgdg120+2)
2025-04-09 17:55:29,842 INFO  [org.alfresco.rest.api.probes.ProbeEntityResource] [http-nio-8080-exec-5] readyProbe: Success - Tested
2025-04-09 17:55:59,899 INFO  [org.alfresco.repo.admin] [http-nio-8080-exec-6] Using database URL 'jdbc:postgresql://postgres:5432/alfresco' with user 'alfresco'.
2025-04-09 17:55:59,900 INFO  [org.alfresco.repo.admin] [http-nio-8080-exec-6] Connected to database PostgreSQL version 15.6 (Debian 15.6-1.pgdg120+2)
2025-04-09 17:55:59,900 INFO  [org.alfresco.rest.api.probes.ProbeEntityResource] [http-nio-8080-exec-6] readyProbe: Success - Tested
2025-04-09 17:56:29,963 INFO  [org.alfresco.repo.admin] [http-nio-8080-exec-8] Using database URL 'jdbc:postgresql://postgres:5432/alfresco' with user 'alfresco'.
2025-04-09 17:56:29,963 INFO  [org.alfresco.repo.admin] [http-nio-8080-exec-8] Connected to database PostgreSQL version 15.6 (Debian 15.6-1.pgdg120+2)
2025-04-09 17:56:29,964 INFO  [org.alfresco.rest.api.probes.ProbeEntityResource] [http-nio-8080-exec-8] readyProbe: Success - Tested
2025-04-09 17:57:00,013 INFO  [org.alfresco.repo.admin] [http-nio-8080-exec-7] Using database URL 'jdbc:postgresql://postgres:5432/alfresco' with user 'alfresco'.
2025-04-09 17:57:00,013 INFO  [org.alfresco.repo.admin] [http-nio-8080-exec-7] Connected to database PostgreSQL version 15.6 (Debian 15.6-1.pgdg120+2)
2025-04-09 17:57:00,013 INFO  [org.alfresco.rest.api.probes.ProbeEntityResource] [http-nio-8080-exec-7] readyProbe: Success - Tested
2025-04-09 17:57:30,056 INFO  [org.alfresco.repo.admin] [http-nio-8080-exec-3] Using database URL 'jdbc:postgresql://postgres:5432/alfresco' with user 'alfresco'.
2025-04-09 17:57:30,057 INFO  [org.alfresco.repo.admin] [http-nio-8080-exec-3] Connected to database PostgreSQL version 15.6 (Debian 15.6-1.pgdg120+2)
2025-04-09 17:57:30,057 INFO  [org.alfresco.rest.api.probes.ProbeEntityResource] [http-nio-8080-exec-3] readyProbe: Success - Tested
2025-04-09 17:58:00,092 INFO  [org.alfresco.repo.admin] [http-nio-8080-exec-7] Using database URL 'jdbc:postgresql://postgres:5432/alfresco' with user 'alfresco'.
2025-04-09 17:58:00,093 INFO  [org.alfresco.repo.admin] [http-nio-8080-exec-7] Connected to database PostgreSQL version 15.6 (Debian 15.6-1.pgdg120+2)
2025-04-09 17:58:00,093 INFO  [org.alfresco.rest.api.probes.ProbeEntityResource] [http-nio-8080-exec-7] readyProbe: Success - Tested
2025-04-09 17:58:30,133 INFO  [org.alfresco.repo.admin] [http-nio-8080-exec-9] Using database URL 'jdbc:postgresql://postgres:5432/alfresco' with user 'alfresco'.
2025-04-09 17:58:30,133 INFO  [org.alfresco.repo.admin] [http-nio-8080-exec-9] Connected to database PostgreSQL version 15.6 (Debian 15.6-1.pgdg120+2)
2025-04-09 17:58:30,133 INFO  [org.alfresco.rest.api.probes.ProbeEntityResource] [http-nio-8080-exec-9] readyProbe: Success - Tested
2025-04-09 17:59:00,173 INFO  [org.alfresco.repo.admin] [http-nio-8080-exec-4] Using database URL 'jdbc:postgresql://postgres:5432/alfresco' with user 'alfresco'.
2025-04-09 17:59:00,173 INFO  [org.alfresco.repo.admin] [http-nio-8080-exec-4] Connected to database PostgreSQL version 15.6 (Debian 15.6-1.pgdg120+2)
2025-04-09 17:59:00,173 INFO  [org.alfresco.rest.api.probes.ProbeEntityResource] [http-nio-8080-exec-4] readyProbe: Success - Tested
2025-04-09 17:59:30,218 INFO  [org.alfresco.repo.admin] [http-nio-8080-exec-4] Using database URL 'jdbc:postgresql://postgres:5432/alfresco' with user 'alfresco'.
2025-04-09 17:59:30,218 INFO  [org.alfresco.repo.admin] [http-nio-8080-exec-4] Connected to database PostgreSQL version 15.6 (Debian 15.6-1.pgdg120+2)
2025-04-09 17:59:30,218 INFO  [org.alfresco.rest.api.probes.ProbeEntityResource] [http-nio-8080-exec-4] readyProbe: Success - Tested
2025-04-09 18:00:00,270 INFO  [org.alfresco.repo.admin] [http-nio-8080-exec-7] Using database URL 'jdbc:postgresql://postgres:5432/alfresco' with user 'alfresco'.
2025-04-09 18:00:00,271 INFO  [org.alfresco.repo.admin] [http-nio-8080-exec-7] Connected to database PostgreSQL version 15.6 (Debian 15.6-1.pgdg120+2)
2025-04-09 18:00:00,271 INFO  [org.alfresco.rest.api.probes.ProbeEntityResource] [http-nio-8080-exec-7] readyProbe: Success - Tested
2025-04-09 18:00:30,325 INFO  [org.alfresco.repo.admin] [http-nio-8080-exec-3] Using database URL 'jdbc:postgresql://postgres:5432/alfresco' with user 'alfresco'.
2025-04-09 18:00:30,325 INFO  [org.alfresco.repo.admin] [http-nio-8080-exec-3] Connected to database PostgreSQL version 15.6 (Debian 15.6-1.pgdg120+2)
2025-04-09 18:00:30,326 INFO  [org.alfresco.rest.api.probes.ProbeEntityResource] [http-nio-8080-exec-3] readyProbe: Success - Tested
2025-04-09 18:01:00,387 INFO  [org.alfresco.repo.admin] [http-nio-8080-exec-10] Using database URL 'jdbc:postgresql://postgres:5432/alfresco' with user 'alfresco'.
2025-04-09 18:01:00,388 INFO  [org.alfresco.repo.admin] [http-nio-8080-exec-10] Connected to database PostgreSQL version 15.6 (Debian 15.6-1.pgdg120+2)
2025-04-09 18:01:00,389 INFO  [org.alfresco.rest.api.probes.ProbeEntityResource] [http-nio-8080-exec-10] readyProbe: Success - Tested
2025-04-09 18:01:30,445 INFO  [org.alfresco.repo.admin] [http-nio-8080-exec-8] Using database URL 'jdbc:postgresql://postgres:5432/alfresco' with user 'alfresco'.
2025-04-09 18:01:30,445 INFO  [org.alfresco.repo.admin] [http-nio-8080-exec-8] Connected to database PostgreSQL version 15.6 (Debian 15.6-1.pgdg120+2)
2025-04-09 18:01:30,445 INFO  [org.alfresco.rest.api.probes.ProbeEntityResource] [http-nio-8080-exec-8] readyProbe: Success - Tested
