09-Apr-2025 15:51:07.585 INFO [main] org.apache.catalina.startup.VersionLoggerListener.log Server version name:   Alfresco servlet container/10
09-Apr-2025 15:51:07.588 INFO [main] org.apache.catalina.startup.VersionLoggerListener.log Server built:          unknown
09-Apr-2025 15:51:07.588 INFO [main] org.apache.catalina.startup.VersionLoggerListener.log Server version number: 10
09-Apr-2025 15:51:07.588 INFO [main] org.apache.catalina.startup.VersionLoggerListener.log OS Name:               Linux
09-Apr-2025 15:51:07.588 INFO [main] org.apache.catalina.startup.VersionLoggerListener.log OS Version:            6.10.14-linuxkit
09-Apr-2025 15:51:07.588 INFO [main] org.apache.catalina.startup.VersionLoggerListener.log Architecture:          aarch64
09-Apr-2025 15:51:07.588 INFO [main] org.apache.catalina.startup.VersionLoggerListener.log Java Home:             /usr/lib/jvm/java-17-openjdk-17.0.12.0.7-2.el9.aarch64
09-Apr-2025 15:51:07.589 INFO [main] org.apache.catalina.startup.VersionLoggerListener.log JVM Version:           17.0.12+7-LTS
09-Apr-2025 15:51:07.589 INFO [main] org.apache.catalina.startup.VersionLoggerListener.log JVM Vendor:            Red Hat, Inc.
09-Apr-2025 15:51:07.589 INFO [main] org.apache.catalina.startup.VersionLoggerListener.log CATALINA_BASE:         /usr/local/tomcat
09-Apr-2025 15:51:07.589 INFO [main] org.apache.catalina.startup.VersionLoggerListener.log CATALINA_HOME:         /usr/local/tomcat
09-Apr-2025 15:51:07.593 INFO [main] org.apache.catalina.core.AprLifecycleListener.lifecycleEvent An older version [1.3.0] of the Apache Tomcat Native library is installed, while Tomcat recommends a minimum version of [2.0.5]
09-Apr-2025 15:51:07.593 INFO [main] org.apache.catalina.core.AprLifecycleListener.lifecycleEvent Loaded Apache Tomcat Native library [1.3.0] using APR version [1.7.0].
09-Apr-2025 15:51:07.595 INFO [main] org.apache.catalina.core.AprLifecycleListener.initializeSSL OpenSSL successfully initialized [OpenSSL 3.0.7 1 Nov 2022]
09-Apr-2025 15:51:07.733 INFO [main] org.apache.coyote.AbstractProtocol.init Initializing ProtocolHandler ["http-nio-8080"]
09-Apr-2025 15:51:07.744 INFO [main] org.apache.catalina.startup.Catalina.load Server initialization in [263] milliseconds
09-Apr-2025 15:51:07.762 INFO [main] org.apache.catalina.core.StandardService.startInternal Starting service [Catalina]
09-Apr-2025 15:51:07.762 INFO [main] org.apache.catalina.core.StandardEngine.startInternal Starting Servlet engine: [Alfresco servlet container/10]
09-Apr-2025 15:51:07.771 INFO [main] org.apache.catalina.startup.HostConfig.deployDirectory Deploying web application directory [/usr/local/tomcat/webapps/share]
09-Apr-2025 15:51:09.801 INFO [main] org.apache.jasper.servlet.TldScanner.scanJars At least one JAR was scanned for TLDs yet contained no TLDs. Enable debug logging for this logger for a complete list of JARs that were scanned but no TLDs were found in them. Skipping unneeded JARs during scanning can improve startup time and JSP compilation time.
09-Apr-2025 15:51:12.464 INFO [main] org.apache.catalina.startup.HostConfig.deployDirectory Deployment of web application directory [/usr/local/tomcat/webapps/share] has finished in [4,692] ms
09-Apr-2025 15:51:12.465 INFO [main] org.apache.coyote.AbstractProtocol.start Starting ProtocolHandler ["http-nio-8080"]
09-Apr-2025 15:51:12.471 INFO [main] org.apache.catalina.startup.Catalina.start Server startup in [4726] milliseconds
